[ 2015-04-25T19:06:43+08:00 ] ::1 /think/zsjh/
INFO: [ app_init ] --START--
INFO: Run Behavior\BuildLiteBehavior [ RunTime:0.000015s ]
INFO: [ app_init ] --END-- [ RunTime:0.000172s ]
INFO: [ app_begin ] --START--
INFO: Run Behavior\ReadHtmlCacheBehavior [ RunTime:0.001558s ]
INFO: [ app_begin ] --END-- [ RunTime:0.001623s ]
INFO: [ view_parse ] --START--
INFO: [ template_filter ] --START--
INFO: Run Behavior\ContentReplaceBehavior [ RunTime:0.000028s ]
INFO: [ template_filter ] --END-- [ RunTime:0.000080s ]
INFO: Run Behavior\ParseTemplateBehavior [ RunTime:0.006939s ]
INFO: [ view_parse ] --END-- [ RunTime:0.006995s ]
INFO: [ view_filter ] --START--
INFO: Run Behavior\WriteHtmlCacheBehavior [ RunTime:0.000132s ]
INFO: [ view_filter ] --END-- [ RunTime:0.000165s ]
INFO: [ app_end ] --START--
INFO: Run Behavior\ShowPageTraceBehavior [ RunTime:0.000709s ]
INFO: [ app_end ] --END-- [ RunTime:0.000761s ]

[ 2015-04-25T19:11:48+08:00 ] ::1 /think/zsjh/
INFO: [ app_init ] --START--
INFO: Run Behavior\BuildLiteBehavior [ RunTime:0.000008s ]
INFO: [ app_init ] --END-- [ RunTime:0.000175s ]
INFO: [ app_begin ] --START--
INFO: Run Behavior\ReadHtmlCacheBehavior [ RunTime:0.000240s ]
INFO: [ app_begin ] --END-- [ RunTime:0.000267s ]
ERR: 模板不存在:./Application/Home/View/Index/index.html

[ 2015-04-25T19:14:18+08:00 ] ::1 /think/zsjh/
INFO: [ app_init ] --START--
INFO: Run Behavior\BuildLiteBehavior [ RunTime:0.000012s ]
INFO: [ app_init ] --END-- [ RunTime:0.000243s ]
INFO: [ app_begin ] --START--
INFO: Run Behavior\ReadHtmlCacheBehavior [ RunTime:0.000326s ]
INFO: [ app_begin ] --END-- [ RunTime:0.000360s ]
INFO: [ view_parse ] --START--
INFO: [ template_filter ] --START--
INFO: Run Behavior\ContentReplaceBehavior [ RunTime:0.000024s ]
INFO: [ template_filter ] --END-- [ RunTime:0.000057s ]
INFO: Run Behavior\ParseTemplateBehavior [ RunTime:0.003636s ]
INFO: [ view_parse ] --END-- [ RunTime:0.003666s ]
INFO: [ view_filter ] --START--
INFO: Run Behavior\WriteHtmlCacheBehavior [ RunTime:0.000091s ]
INFO: [ view_filter ] --END-- [ RunTime:0.000111s ]
INFO: [ app_end ] --START--
INFO: Run Behavior\ShowPageTraceBehavior [ RunTime:0.000245s ]
INFO: [ app_end ] --END-- [ RunTime:0.000267s ]

[ 2015-04-25T19:14:51+08:00 ] ::1 /think/zsjh/
INFO: [ app_init ] --START--
INFO: Run Behavior\BuildLiteBehavior [ RunTime:0.000008s ]
INFO: [ app_init ] --END-- [ RunTime:0.000180s ]
INFO: [ app_begin ] --START--
INFO: Run Behavior\ReadHtmlCacheBehavior [ RunTime:0.000686s ]
INFO: [ app_begin ] --END-- [ RunTime:0.000755s ]
INFO: [ view_parse ] --START--
INFO: [ template_filter ] --START--
INFO: Run Behavior\ContentReplaceBehavior [ RunTime:0.000027s ]
INFO: [ template_filter ] --END-- [ RunTime:0.000065s ]
INFO: Run Behavior\ParseTemplateBehavior [ RunTime:0.004306s ]
INFO: [ view_parse ] --END-- [ RunTime:0.004350s ]
INFO: [ view_filter ] --START--
INFO: Run Behavior\WriteHtmlCacheBehavior [ RunTime:0.000113s ]
INFO: [ view_filter ] --END-- [ RunTime:0.000141s ]
INFO: [ app_end ] --START--
INFO: Run Behavior\ShowPageTraceBehavior [ RunTime:0.000262s ]
INFO: [ app_end ] --END-- [ RunTime:0.000286s ]

[ 2015-04-25T19:15:25+08:00 ] ::1 /think/zsjh/
INFO: [ app_init ] --START--
INFO: Run Behavior\BuildLiteBehavior [ RunTime:0.000009s ]
INFO: [ app_init ] --END-- [ RunTime:0.000192s ]
INFO: [ app_begin ] --START--
INFO: Run Behavior\ReadHtmlCacheBehavior [ RunTime:0.000346s ]
INFO: [ app_begin ] --END-- [ RunTime:0.000378s ]
INFO: [ view_parse ] --START--
INFO: [ template_filter ] --START--
INFO: Run Behavior\ContentReplaceBehavior [ RunTime:0.000024s ]
INFO: [ template_filter ] --END-- [ RunTime:0.000061s ]
INFO: Run Behavior\ParseTemplateBehavior [ RunTime:0.003796s ]
INFO: [ view_parse ] --END-- [ RunTime:0.003824s ]
INFO: [ view_filter ] --START--
INFO: Run Behavior\WriteHtmlCacheBehavior [ RunTime:0.000088s ]
INFO: [ view_filter ] --END-- [ RunTime:0.000107s ]
INFO: [ app_end ] --START--
INFO: Run Behavior\ShowPageTraceBehavior [ RunTime:0.000237s ]
INFO: [ app_end ] --END-- [ RunTime:0.000259s ]

[ 2015-04-25T19:15:27+08:00 ] ::1 /think/zsjh/index.php/Home/Index/detail.html
INFO: [ app_init ] --START--
INFO: Run Behavior\BuildLiteBehavior [ RunTime:0.000009s ]
INFO: [ app_init ] --END-- [ RunTime:0.000171s ]
INFO: [ app_begin ] --START--
INFO: Run Behavior\ReadHtmlCacheBehavior [ RunTime:0.000317s ]
INFO: [ app_begin ] --END-- [ RunTime:0.000346s ]
INFO: [ view_parse ] --START--
INFO: [ template_filter ] --START--
INFO: Run Behavior\ContentReplaceBehavior [ RunTime:0.000025s ]
INFO: [ template_filter ] --END-- [ RunTime:0.000072s ]
INFO: Run Behavior\ParseTemplateBehavior [ RunTime:0.003694s ]
INFO: [ view_parse ] --END-- [ RunTime:0.003727s ]
INFO: [ view_filter ] --START--
INFO: Run Behavior\WriteHtmlCacheBehavior [ RunTime:0.000100s ]
INFO: [ view_filter ] --END-- [ RunTime:0.000121s ]
INFO: [ app_end ] --START--
INFO: Run Behavior\ShowPageTraceBehavior [ RunTime:0.000248s ]
INFO: [ app_end ] --END-- [ RunTime:0.000271s ]

[ 2015-04-25T19:21:53+08:00 ] ::1 /think/zsjh/
INFO: [ app_init ] --START--
INFO: Run Behavior\BuildLiteBehavior [ RunTime:0.000009s ]
INFO: [ app_init ] --END-- [ RunTime:0.000183s ]
INFO: [ app_begin ] --START--
INFO: Run Behavior\ReadHtmlCacheBehavior [ RunTime:0.000225s ]
INFO: [ app_begin ] --END-- [ RunTime:0.000251s ]
INFO: [ view_parse ] --START--
INFO: [ template_filter ] --START--
INFO: Run Behavior\ContentReplaceBehavior [ RunTime:0.000034s ]
INFO: [ template_filter ] --END-- [ RunTime:0.000081s ]
INFO: Run Behavior\ParseTemplateBehavior [ RunTime:0.004449s ]
INFO: [ view_parse ] --END-- [ RunTime:0.004490s ]
INFO: [ view_filter ] --START--
INFO: Run Behavior\WriteHtmlCacheBehavior [ RunTime:0.000158s ]
INFO: [ view_filter ] --END-- [ RunTime:0.000184s ]
INFO: [ app_end ] --START--
INFO: Run Behavior\ShowPageTraceBehavior [ RunTime:0.000271s ]
INFO: [ app_end ] --END-- [ RunTime:0.000297s ]

[ 2015-04-25T19:21:54+08:00 ] ::1 /think/zsjh/index.php/Home/Index/detail?id=1
INFO: [ app_init ] --START--
INFO: Run Behavior\BuildLiteBehavior [ RunTime:0.000008s ]
INFO: [ app_init ] --END-- [ RunTime:0.000207s ]
INFO: [ app_begin ] --START--
INFO: Run Behavior\ReadHtmlCacheBehavior [ RunTime:0.000227s ]
INFO: [ app_begin ] --END-- [ RunTime:0.000253s ]
INFO: [ app_end ] --START--
INFO: Run Behavior\ShowPageTraceBehavior [ RunTime:0.000239s ]
INFO: [ app_end ] --END-- [ RunTime:0.000266s ]

[ 2015-04-25T19:27:11+08:00 ] ::1 /think/zsjh/index.php/Home/Index/detail?id=1
INFO: [ app_init ] --START--
INFO: Run Behavior\BuildLiteBehavior [ RunTime:0.000008s ]
INFO: [ app_init ] --END-- [ RunTime:0.000170s ]
INFO: [ app_begin ] --START--
INFO: Run Behavior\ReadHtmlCacheBehavior [ RunTime:0.000219s ]
INFO: [ app_begin ] --END-- [ RunTime:0.000246s ]
SQL: SHOW COLUMNS FROM `puke` [ RunTime:0.0030s ]
SQL: SELECT * FROM `puke` WHERE `id` = 1 LIMIT 1   [ RunTime:0.0015s ]
INFO: [ app_end ] --START--
INFO: Run Behavior\ShowPageTraceBehavior [ RunTime:0.000443s ]
INFO: [ app_end ] --END-- [ RunTime:0.000480s ]

[ 2015-04-25T19:27:52+08:00 ] ::1 /think/zsjh/index.php/Home/Index/detail?id=1
INFO: [ app_init ] --START--
INFO: Run Behavior\BuildLiteBehavior [ RunTime:0.000008s ]
INFO: [ app_init ] --END-- [ RunTime:0.000173s ]
INFO: [ app_begin ] --START--
INFO: Run Behavior\ReadHtmlCacheBehavior [ RunTime:0.000324s ]
INFO: [ app_begin ] --END-- [ RunTime:0.000358s ]
SQL: SHOW COLUMNS FROM `puke` [ RunTime:0.0020s ]
SQL: SELECT * FROM `puke` WHERE `id` = 1 LIMIT 1   [ RunTime:0.0002s ]
INFO: [ app_end ] --START--
INFO: Run Behavior\ShowPageTraceBehavior [ RunTime:0.000300s ]
INFO: [ app_end ] --END-- [ RunTime:0.000328s ]

[ 2015-04-25T19:43:17+08:00 ] ::1 /think/zsjh/index.php/Home/Index/detail?id=1
INFO: [ app_init ] --START--
INFO: Run Behavior\BuildLiteBehavior [ RunTime:0.000008s ]
INFO: [ app_init ] --END-- [ RunTime:0.000184s ]
INFO: [ app_begin ] --START--
INFO: Run Behavior\ReadHtmlCacheBehavior [ RunTime:0.000240s ]
INFO: [ app_begin ] --END-- [ RunTime:0.000267s ]
SQL: SHOW COLUMNS FROM `puke` [ RunTime:0.0019s ]
SQL: SELECT * FROM `puke` WHERE `province` = '' LIMIT 1   [ RunTime:0.0006s ]
INFO: [ app_end ] --START--
INFO: Run Behavior\ShowPageTraceBehavior [ RunTime:0.000471s ]
INFO: [ app_end ] --END-- [ RunTime:0.000530s ]

[ 2015-04-25T19:43:21+08:00 ] ::1 /think/zsjh/index.php/Home/Index/detail?id=1
INFO: [ app_init ] --START--
INFO: Run Behavior\BuildLiteBehavior [ RunTime:0.000007s ]
INFO: [ app_init ] --END-- [ RunTime:0.000192s ]
INFO: [ app_begin ] --START--
INFO: Run Behavior\ReadHtmlCacheBehavior [ RunTime:0.000226s ]
INFO: [ app_begin ] --END-- [ RunTime:0.000252s ]
SQL: SHOW COLUMNS FROM `puke` [ RunTime:0.0022s ]
SQL: SELECT * FROM `puke` WHERE `province` = '' LIMIT 1   [ RunTime:0.0006s ]
INFO: [ app_end ] --START--
INFO: Run Behavior\ShowPageTraceBehavior [ RunTime:0.000328s ]
INFO: [ app_end ] --END-- [ RunTime:0.000359s ]

[ 2015-04-25T19:43:29+08:00 ] ::1 /think/zsjh/index.php/Home/Index/
INFO: [ app_init ] --START--
INFO: Run Behavior\BuildLiteBehavior [ RunTime:0.000009s ]
INFO: [ app_init ] --END-- [ RunTime:0.000180s ]
INFO: [ app_begin ] --START--
INFO: Run Behavior\ReadHtmlCacheBehavior [ RunTime:0.000277s ]
INFO: [ app_begin ] --END-- [ RunTime:0.000311s ]
INFO: [ view_parse ] --START--
INFO: [ template_filter ] --START--
INFO: Run Behavior\ContentReplaceBehavior [ RunTime:0.000022s ]
INFO: [ template_filter ] --END-- [ RunTime:0.000057s ]
INFO: Run Behavior\ParseTemplateBehavior [ RunTime:0.003681s ]
INFO: [ view_parse ] --END-- [ RunTime:0.003708s ]
INFO: [ view_filter ] --START--
INFO: Run Behavior\WriteHtmlCacheBehavior [ RunTime:0.000090s ]
INFO: [ view_filter ] --END-- [ RunTime:0.000108s ]
INFO: [ app_end ] --START--
INFO: Run Behavior\ShowPageTraceBehavior [ RunTime:0.000239s ]
INFO: [ app_end ] --END-- [ RunTime:0.000261s ]

[ 2015-04-25T19:43:31+08:00 ] ::1 /think/zsjh/index.php/Home/Index/detail?province='%E5%8C%97%E4%BA%AC'
INFO: [ app_init ] --START--
INFO: Run Behavior\BuildLiteBehavior [ RunTime:0.000009s ]
INFO: [ app_init ] --END-- [ RunTime:0.000188s ]
INFO: [ app_begin ] --START--
INFO: Run Behavior\ReadHtmlCacheBehavior [ RunTime:0.000240s ]
INFO: [ app_begin ] --END-- [ RunTime:0.000270s ]
SQL: SHOW COLUMNS FROM `puke` [ RunTime:0.0020s ]
SQL: SELECT * FROM `puke` WHERE `province` = '\'北京\'' LIMIT 1   [ RunTime:0.0006s ]
INFO: [ app_end ] --START--
INFO: Run Behavior\ShowPageTraceBehavior [ RunTime:0.000309s ]
INFO: [ app_end ] --END-- [ RunTime:0.000338s ]

[ 2015-04-25T19:43:50+08:00 ] ::1 /think/zsjh/index.php/Home/Index/
INFO: [ app_init ] --START--
INFO: Run Behavior\BuildLiteBehavior [ RunTime:0.000008s ]
INFO: [ app_init ] --END-- [ RunTime:0.000169s ]
INFO: [ app_begin ] --START--
INFO: Run Behavior\ReadHtmlCacheBehavior [ RunTime:0.000222s ]
INFO: [ app_begin ] --END-- [ RunTime:0.000249s ]
INFO: [ view_parse ] --START--
INFO: [ template_filter ] --START--
INFO: Run Behavior\ContentReplaceBehavior [ RunTime:0.000021s ]
INFO: [ template_filter ] --END-- [ RunTime:0.000049s ]
INFO: Run Behavior\ParseTemplateBehavior [ RunTime:0.003290s ]
INFO: [ view_parse ] --END-- [ RunTime:0.003316s ]
INFO: [ view_filter ] --START--
INFO: Run Behavior\WriteHtmlCacheBehavior [ RunTime:0.000085s ]
INFO: [ view_filter ] --END-- [ RunTime:0.000104s ]
INFO: [ app_end ] --START--
INFO: Run Behavior\ShowPageTraceBehavior [ RunTime:0.000236s ]
INFO: [ app_end ] --END-- [ RunTime:0.000258s ]

[ 2015-04-25T19:43:51+08:00 ] ::1 /think/zsjh/index.php/Home/Index/detail?province=%E5%8C%97%E4%BA%AC
INFO: [ app_init ] --START--
INFO: Run Behavior\BuildLiteBehavior [ RunTime:0.000009s ]
INFO: [ app_init ] --END-- [ RunTime:0.000242s ]
INFO: [ app_begin ] --START--
INFO: Run Behavior\ReadHtmlCacheBehavior [ RunTime:0.000231s ]
INFO: [ app_begin ] --END-- [ RunTime:0.000258s ]
SQL: SHOW COLUMNS FROM `puke` [ RunTime:0.0024s ]
SQL: SELECT * FROM `puke` WHERE `province` = '北京' LIMIT 1   [ RunTime:0.0007s ]
INFO: [ app_end ] --START--
INFO: Run Behavior\ShowPageTraceBehavior [ RunTime:0.000399s ]
INFO: [ app_end ] --END-- [ RunTime:0.000432s ]

[ 2015-04-25T19:48:15+08:00 ] ::1 /think/zsjh/index.php/Home/Index/detail?province=%E5%8C%97%E4%BA%AC
INFO: [ app_init ] --START--
INFO: Run Behavior\BuildLiteBehavior [ RunTime:0.000010s ]
INFO: [ app_init ] --END-- [ RunTime:0.000289s ]
INFO: [ app_begin ] --START--
INFO: Run Behavior\ReadHtmlCacheBehavior [ RunTime:0.000242s ]
INFO: [ app_begin ] --END-- [ RunTime:0.000271s ]
INFO: [ view_parse ] --START--
INFO: [ template_filter ] --START--
INFO: Run Behavior\ContentReplaceBehavior [ RunTime:0.000031s ]
INFO: [ template_filter ] --END-- [ RunTime:0.000087s ]
INFO: Run Behavior\ParseTemplateBehavior [ RunTime:0.004822s ]
INFO: [ view_parse ] --END-- [ RunTime:0.004893s ]
INFO: [ view_filter ] --START--
INFO: Run Behavior\WriteHtmlCacheBehavior [ RunTime:0.000308s ]
INFO: [ view_filter ] --END-- [ RunTime:0.000352s ]
INFO: [ app_end ] --START--
INFO: Run Behavior\ShowPageTraceBehavior [ RunTime:0.000359s ]
INFO: [ app_end ] --END-- [ RunTime:0.000401s ]

[ 2015-04-25T19:51:03+08:00 ] ::1 /think/zsjh/index.php/Home/Index/
INFO: [ app_init ] --START--
INFO: Run Behavior\BuildLiteBehavior [ RunTime:0.000008s ]
INFO: [ app_init ] --END-- [ RunTime:0.000181s ]
INFO: [ app_begin ] --START--
INFO: Run Behavior\ReadHtmlCacheBehavior [ RunTime:0.000265s ]
INFO: [ app_begin ] --END-- [ RunTime:0.000297s ]
INFO: [ view_parse ] --START--
INFO: [ template_filter ] --START--
INFO: Run Behavior\ContentReplaceBehavior [ RunTime:0.000037s ]
INFO: [ template_filter ] --END-- [ RunTime:0.000098s ]
INFO: Run Behavior\ParseTemplateBehavior [ RunTime:0.004575s ]
INFO: [ view_parse ] --END-- [ RunTime:0.004621s ]
INFO: [ view_filter ] --START--
INFO: Run Behavior\WriteHtmlCacheBehavior [ RunTime:0.000123s ]
INFO: [ view_filter ] --END-- [ RunTime:0.000147s ]
INFO: [ app_end ] --START--
INFO: Run Behavior\ShowPageTraceBehavior [ RunTime:0.000345s ]
INFO: [ app_end ] --END-- [ RunTime:0.000377s ]

[ 2015-04-25T19:51:04+08:00 ] ::1 /think/zsjh/index.php/Home/Index/detail?province=%E5%8C%97%E4%BA%AC
INFO: [ app_init ] --START--
INFO: Run Behavior\BuildLiteBehavior [ RunTime:0.000008s ]
INFO: [ app_init ] --END-- [ RunTime:0.000174s ]
INFO: [ app_begin ] --START--
INFO: Run Behavior\ReadHtmlCacheBehavior [ RunTime:0.000220s ]
INFO: [ app_begin ] --END-- [ RunTime:0.000246s ]
SQL: SHOW COLUMNS FROM `puke` [ RunTime:0.0021s ]
SQL: SELECT * FROM `puke` WHERE `province` = '北京'  [ RunTime:0.0006s ]
SQL: SHOW COLUMNS FROM `benshuo` [ RunTime:0.0018s ]
SQL: SELECT * FROM `benshuo` WHERE `province` = '北京'  [ RunTime:0.0002s ]
SQL: SHOW COLUMNS FROM `guofang` [ RunTime:0.0045s ]
SQL: SELECT * FROM `guofang` WHERE `province` = '北京'  [ RunTime:0.0007s ]
INFO: [ view_parse ] --START--
INFO: [ template_filter ] --START--
INFO: Run Behavior\ContentReplaceBehavior [ RunTime:0.000023s ]
INFO: [ template_filter ] --END-- [ RunTime:0.000053s ]
NOTIC: [8] Undefined index: count /Library/WebServer/Documents/think/zsjh/Application/Runtime/Cache/Home/1223f42a89e823bf89547594651162de.php 第 40 行.
NOTIC: [8] Undefined index: count /Library/WebServer/Documents/think/zsjh/Application/Runtime/Cache/Home/1223f42a89e823bf89547594651162de.php 第 40 行.
NOTIC: [8] Undefined index: count /Library/WebServer/Documents/think/zsjh/Application/Runtime/Cache/Home/1223f42a89e823bf89547594651162de.php 第 40 行.
NOTIC: [8] Undefined index: count /Library/WebServer/Documents/think/zsjh/Application/Runtime/Cache/Home/1223f42a89e823bf89547594651162de.php 第 40 行.
NOTIC: [8] Undefined index: count /Library/WebServer/Documents/think/zsjh/Application/Runtime/Cache/Home/1223f42a89e823bf89547594651162de.php 第 40 行.
NOTIC: [8] Undefined index: count /Library/WebServer/Documents/think/zsjh/Application/Runtime/Cache/Home/1223f42a89e823bf89547594651162de.php 第 40 行.
NOTIC: [8] Undefined index: count /Library/WebServer/Documents/think/zsjh/Application/Runtime/Cache/Home/1223f42a89e823bf89547594651162de.php 第 40 行.
NOTIC: [8] Undefined index: count /Library/WebServer/Documents/think/zsjh/Application/Runtime/Cache/Home/1223f42a89e823bf89547594651162de.php 第 40 行.
NOTIC: [8] Undefined index: count /Library/WebServer/Documents/think/zsjh/Application/Runtime/Cache/Home/1223f42a89e823bf89547594651162de.php 第 40 行.
NOTIC: [8] Undefined index: count /Library/WebServer/Documents/think/zsjh/Application/Runtime/Cache/Home/1223f42a89e823bf89547594651162de.php 第 40 行.
NOTIC: [8] Undefined index: count /Library/WebServer/Documents/think/zsjh/Application/Runtime/Cache/Home/1223f42a89e823bf89547594651162de.php 第 40 行.
NOTIC: [8] Undefined index: count /Library/WebServer/Documents/think/zsjh/Application/Runtime/Cache/Home/1223f42a89e823bf89547594651162de.php 第 40 行.
NOTIC: [8] Undefined index: count /Library/WebServer/Documents/think/zsjh/Application/Runtime/Cache/Home/1223f42a89e823bf89547594651162de.php 第 40 行.
NOTIC: [8] Undefined index: count /Library/WebServer/Documents/think/zsjh/Application/Runtime/Cache/Home/1223f42a89e823bf89547594651162de.php 第 40 行.
NOTIC: [8] Undefined index: count /Library/WebServer/Documents/think/zsjh/Application/Runtime/Cache/Home/1223f42a89e823bf89547594651162de.php 第 40 行.
NOTIC: [8] Undefined index: count /Library/WebServer/Documents/think/zsjh/Application/Runtime/Cache/Home/1223f42a89e823bf89547594651162de.php 第 40 行.
NOTIC: [8] Undefined index: count /Library/WebServer/Documents/think/zsjh/Application/Runtime/Cache/Home/1223f42a89e823bf89547594651162de.php 第 40 行.
INFO: Run Behavior\ParseTemplateBehavior [ RunTime:0.009653s ]
INFO: [ view_parse ] --END-- [ RunTime:0.009700s ]
INFO: [ view_filter ] --START--
INFO: Run Behavior\WriteHtmlCacheBehavior [ RunTime:0.000189s ]
INFO: [ view_filter ] --END-- [ RunTime:0.000232s ]
INFO: [ app_end ] --START--
INFO: Run Behavior\ShowPageTraceBehavior [ RunTime:0.000442s ]
INFO: [ app_end ] --END-- [ RunTime:0.000486s ]

[ 2015-04-25T19:51:12+08:00 ] ::1 /think/zsjh/index.php/Home/Index/
INFO: [ app_init ] --START--
INFO: Run Behavior\BuildLiteBehavior [ RunTime:0.000008s ]
INFO: [ app_init ] --END-- [ RunTime:0.000174s ]
INFO: [ app_begin ] --START--
INFO: Run Behavior\ReadHtmlCacheBehavior [ RunTime:0.000219s ]
INFO: [ app_begin ] --END-- [ RunTime:0.000245s ]
INFO: [ view_parse ] --START--
INFO: [ template_filter ] --START--
INFO: Run Behavior\ContentReplaceBehavior [ RunTime:0.000037s ]
INFO: [ template_filter ] --END-- [ RunTime:0.000101s ]
INFO: Run Behavior\ParseTemplateBehavior [ RunTime:0.003547s ]
INFO: [ view_parse ] --END-- [ RunTime:0.003582s ]
INFO: [ view_filter ] --START--
INFO: Run Behavior\WriteHtmlCacheBehavior [ RunTime:0.000131s ]
INFO: [ view_filter ] --END-- [ RunTime:0.000155s ]
INFO: [ app_end ] --START--
INFO: Run Behavior\ShowPageTraceBehavior [ RunTime:0.000432s ]
INFO: [ app_end ] --END-- [ RunTime:0.000516s ]

[ 2015-04-25T19:51:18+08:00 ] ::1 /think/zsjh/index.php/Home/Index/
INFO: [ app_init ] --START--
INFO: Run Behavior\BuildLiteBehavior [ RunTime:0.000007s ]
INFO: [ app_init ] --END-- [ RunTime:0.000167s ]
INFO: [ app_begin ] --START--
INFO: Run Behavior\ReadHtmlCacheBehavior [ RunTime:0.000213s ]
INFO: [ app_begin ] --END-- [ RunTime:0.000238s ]
INFO: [ view_parse ] --START--
INFO: [ template_filter ] --START--
INFO: Run Behavior\ContentReplaceBehavior [ RunTime:0.000040s ]
INFO: [ template_filter ] --END-- [ RunTime:0.000112s ]
INFO: Run Behavior\ParseTemplateBehavior [ RunTime:0.003678s ]
INFO: [ view_parse ] --END-- [ RunTime:0.003716s ]
INFO: [ view_filter ] --START--
INFO: Run Behavior\WriteHtmlCacheBehavior [ RunTime:0.000137s ]
INFO: [ view_filter ] --END-- [ RunTime:0.000163s ]
INFO: [ app_end ] --START--
INFO: Run Behavior\ShowPageTraceBehavior [ RunTime:0.000373s ]
INFO: [ app_end ] --END-- [ RunTime:0.000417s ]

[ 2015-04-25T19:51:55+08:00 ] ::1 /think/zsjh/index.php/Home/Index/
INFO: [ app_init ] --START--
INFO: Run Behavior\BuildLiteBehavior [ RunTime:0.000008s ]
INFO: [ app_init ] --END-- [ RunTime:0.000167s ]
INFO: [ app_begin ] --START--
INFO: Run Behavior\ReadHtmlCacheBehavior [ RunTime:0.000217s ]
INFO: [ app_begin ] --END-- [ RunTime:0.000243s ]
INFO: [ view_parse ] --START--
INFO: [ template_filter ] --START--
INFO: Run Behavior\ContentReplaceBehavior [ RunTime:0.000034s ]
INFO: [ template_filter ] --END-- [ RunTime:0.000087s ]
INFO: Run Behavior\ParseTemplateBehavior [ RunTime:0.003799s ]
INFO: [ view_parse ] --END-- [ RunTime:0.003839s ]
INFO: [ view_filter ] --START--
INFO: Run Behavior\WriteHtmlCacheBehavior [ RunTime:0.000139s ]
INFO: [ view_filter ] --END-- [ RunTime:0.000162s ]
INFO: [ app_end ] --START--
INFO: Run Behavior\ShowPageTraceBehavior [ RunTime:0.000635s ]
INFO: [ app_end ] --END-- [ RunTime:0.000682s ]

[ 2015-04-25T19:51:58+08:00 ] ::1 /think/zsjh/index.php/Home/Index/detail?province=%E5%B1%B1%E4%B8%9C
INFO: [ app_init ] --START--
INFO: Run Behavior\BuildLiteBehavior [ RunTime:0.000009s ]
INFO: [ app_init ] --END-- [ RunTime:0.000173s ]
INFO: [ app_begin ] --START--
INFO: Run Behavior\ReadHtmlCacheBehavior [ RunTime:0.000229s ]
INFO: [ app_begin ] --END-- [ RunTime:0.000259s ]
SQL: SHOW COLUMNS FROM `puke` [ RunTime:0.0036s ]
SQL: SELECT * FROM `puke` WHERE `province` = '山东'  [ RunTime:0.0007s ]
SQL: SHOW COLUMNS FROM `benshuo` [ RunTime:0.0017s ]
SQL: SELECT * FROM `benshuo` WHERE `province` = '山东'  [ RunTime:0.0003s ]
SQL: SHOW COLUMNS FROM `guofang` [ RunTime:0.0019s ]
SQL: SELECT * FROM `guofang` WHERE `province` = '山东'  [ RunTime:0.0003s ]
INFO: [ view_parse ] --START--
INFO: [ template_filter ] --START--
INFO: Run Behavior\ContentReplaceBehavior [ RunTime:0.000026s ]
INFO: [ template_filter ] --END-- [ RunTime:0.000064s ]
NOTIC: [8] Undefined index: count /Library/WebServer/Documents/think/zsjh/Application/Runtime/Cache/Home/1223f42a89e823bf89547594651162de.php 第 40 行.
NOTIC: [8] Undefined index: count /Library/WebServer/Documents/think/zsjh/Application/Runtime/Cache/Home/1223f42a89e823bf89547594651162de.php 第 40 行.
NOTIC: [8] Undefined index: count /Library/WebServer/Documents/think/zsjh/Application/Runtime/Cache/Home/1223f42a89e823bf89547594651162de.php 第 40 行.
NOTIC: [8] Undefined index: count /Library/WebServer/Documents/think/zsjh/Application/Runtime/Cache/Home/1223f42a89e823bf89547594651162de.php 第 40 行.
NOTIC: [8] Undefined index: count /Library/WebServer/Documents/think/zsjh/Application/Runtime/Cache/Home/1223f42a89e823bf89547594651162de.php 第 40 行.
NOTIC: [8] Undefined index: count /Library/WebServer/Documents/think/zsjh/Application/Runtime/Cache/Home/1223f42a89e823bf89547594651162de.php 第 40 行.
NOTIC: [8] Undefined index: count /Library/WebServer/Documents/think/zsjh/Application/Runtime/Cache/Home/1223f42a89e823bf89547594651162de.php 第 40 行.
NOTIC: [8] Undefined index: count /Library/WebServer/Documents/think/zsjh/Application/Runtime/Cache/Home/1223f42a89e823bf89547594651162de.php 第 40 行.
NOTIC: [8] Undefined index: count /Library/WebServer/Documents/think/zsjh/Application/Runtime/Cache/Home/1223f42a89e823bf89547594651162de.php 第 40 行.
NOTIC: [8] Undefined index: count /Library/WebServer/Documents/think/zsjh/Application/Runtime/Cache/Home/1223f42a89e823bf89547594651162de.php 第 40 行.
NOTIC: [8] Undefined index: count /Library/WebServer/Documents/think/zsjh/Application/Runtime/Cache/Home/1223f42a89e823bf89547594651162de.php 第 40 行.
NOTIC: [8] Undefined index: count /Library/WebServer/Documents/think/zsjh/Application/Runtime/Cache/Home/1223f42a89e823bf89547594651162de.php 第 40 行.
NOTIC: [8] Undefined index: count /Library/WebServer/Documents/think/zsjh/Application/Runtime/Cache/Home/1223f42a89e823bf89547594651162de.php 第 40 行.
NOTIC: [8] Undefined index: count /Library/WebServer/Documents/think/zsjh/Application/Runtime/Cache/Home/1223f42a89e823bf89547594651162de.php 第 40 行.
NOTIC: [8] Undefined index: count /Library/WebServer/Documents/think/zsjh/Application/Runtime/Cache/Home/1223f42a89e823bf89547594651162de.php 第 40 行.
NOTIC: [8] Undefined index: count /Library/WebServer/Documents/think/zsjh/Application/Runtime/Cache/Home/1223f42a89e823bf89547594651162de.php 第 40 行.
NOTIC: [8] Undefined index: count /Library/WebServer/Documents/think/zsjh/Application/Runtime/Cache/Home/1223f42a89e823bf89547594651162de.php 第 40 行.
NOTIC: [8] Undefined index: count /Library/WebServer/Documents/think/zsjh/Application/Runtime/Cache/Home/1223f42a89e823bf89547594651162de.php 第 40 行.
NOTIC: [8] Undefined index: count /Library/WebServer/Documents/think/zsjh/Application/Runtime/Cache/Home/1223f42a89e823bf89547594651162de.php 第 40 行.
NOTIC: [8] Undefined index: count /Library/WebServer/Documents/think/zsjh/Application/Runtime/Cache/Home/1223f42a89e823bf89547594651162de.php 第 40 行.
NOTIC: [8] Undefined index: count /Library/WebServer/Documents/think/zsjh/Application/Runtime/Cache/Home/1223f42a89e823bf89547594651162de.php 第 40 行.
NOTIC: [8] Undefined index: count /Library/WebServer/Documents/think/zsjh/Application/Runtime/Cache/Home/1223f42a89e823bf89547594651162de.php 第 40 行.
NOTIC: [8] Undefined index: count /Library/WebServer/Documents/think/zsjh/Application/Runtime/Cache/Home/1223f42a89e823bf89547594651162de.php 第 40 行.
NOTIC: [8] Undefined index: count /Library/WebServer/Documents/think/zsjh/Application/Runtime/Cache/Home/1223f42a89e823bf89547594651162de.php 第 40 行.
NOTIC: [8] Undefined index: count /Library/WebServer/Documents/think/zsjh/Application/Runtime/Cache/Home/1223f42a89e823bf89547594651162de.php 第 40 行.
NOTIC: [8] Undefined index: count /Library/WebServer/Documents/think/zsjh/Application/Runtime/Cache/Home/1223f42a89e823bf89547594651162de.php 第 40 行.
NOTIC: [8] Undefined index: count /Library/WebServer/Documents/think/zsjh/Application/Runtime/Cache/Home/1223f42a89e823bf89547594651162de.php 第 40 行.
NOTIC: [8] Undefined index: count /Library/WebServer/Documents/think/zsjh/Application/Runtime/Cache/Home/1223f42a89e823bf89547594651162de.php 第 40 行.
NOTIC: [8] Undefined index: count /Library/WebServer/Documents/think/zsjh/Application/Runtime/Cache/Home/1223f42a89e823bf89547594651162de.php 第 40 行.
NOTIC: [8] Undefined index: count /Library/WebServer/Documents/think/zsjh/Application/Runtime/Cache/Home/1223f42a89e823bf89547594651162de.php 第 40 行.
NOTIC: [8] Undefined index: count /Library/WebServer/Documents/think/zsjh/Application/Runtime/Cache/Home/1223f42a89e823bf89547594651162de.php 第 40 行.
NOTIC: [8] Undefined index: count /Library/WebServer/Documents/think/zsjh/Application/Runtime/Cache/Home/1223f42a89e823bf89547594651162de.php 第 40 行.
NOTIC: [8] Undefined index: count /Library/WebServer/Documents/think/zsjh/Application/Runtime/Cache/Home/1223f42a89e823bf89547594651162de.php 第 40 行.
NOTIC: [8] Undefined index: count /Library/WebServer/Documents/think/zsjh/Application/Runtime/Cache/Home/1223f42a89e823bf89547594651162de.php 第 40 行.
NOTIC: [8] Undefined index: count /Library/WebServer/Documents/think/zsjh/Application/Runtime/Cache/Home/1223f42a89e823bf89547594651162de.php 第 40 行.
NOTIC: [8] Undefined index: count /Library/WebServer/Documents/think/zsjh/Application/Runtime/Cache/Home/1223f42a89e823bf89547594651162de.php 第 40 行.
NOTIC: [8] Undefined index: count /Library/WebServer/Documents/think/zsjh/Application/Runtime/Cache/Home/1223f42a89e823bf89547594651162de.php 第 40 行.
NOTIC: [8] Undefined index: count /Library/WebServer/Documents/think/zsjh/Application/Runtime/Cache/Home/1223f42a89e823bf89547594651162de.php 第 40 行.
NOTIC: [8] Undefined index: count /Library/WebServer/Documents/think/zsjh/Application/Runtime/Cache/Home/1223f42a89e823bf89547594651162de.php 第 40 行.
NOTIC: [8] Undefined index: count /Library/WebServer/Documents/think/zsjh/Application/Runtime/Cache/Home/1223f42a89e823bf89547594651162de.php 第 40 行.
NOTIC: [8] Undefined index: count /Library/WebServer/Documents/think/zsjh/Application/Runtime/Cache/Home/1223f42a89e823bf89547594651162de.php 第 40 行.
NOTIC: [8] Undefined index: count /Library/WebServer/Documents/think/zsjh/Application/Runtime/Cache/Home/1223f42a89e823bf89547594651162de.php 第 40 行.
NOTIC: [8] Undefined index: count /Library/WebServer/Documents/think/zsjh/Application/Runtime/Cache/Home/1223f42a89e823bf89547594651162de.php 第 40 行.
NOTIC: [8] Undefined index: count /Library/WebServer/Documents/think/zsjh/Application/Runtime/Cache/Home/1223f42a89e823bf89547594651162de.php 第 40 行.
NOTIC: [8] Undefined index: count /Library/WebServer/Documents/think/zsjh/Application/Runtime/Cache/Home/1223f42a89e823bf89547594651162de.php 第 40 行.
NOTIC: [8] Undefined index: count /Library/WebServer/Documents/think/zsjh/Application/Runtime/Cache/Home/1223f42a89e823bf89547594651162de.php 第 40 行.
NOTIC: [8] Undefined index: count /Library/WebServer/Documents/think/zsjh/Application/Runtime/Cache/Home/1223f42a89e823bf89547594651162de.php 第 40 行.
NOTIC: [8] Undefined index: count /Library/WebServer/Documents/think/zsjh/Application/Runtime/Cache/Home/1223f42a89e823bf89547594651162de.php 第 40 行.
NOTIC: [8] Undefined index: count /Library/WebServer/Documents/think/zsjh/Application/Runtime/Cache/Home/1223f42a89e823bf89547594651162de.php 第 40 行.
NOTIC: [8] Undefined index: count /Library/WebServer/Documents/think/zsjh/Application/Runtime/Cache/Home/1223f42a89e823bf89547594651162de.php 第 40 行.
NOTIC: [8] Undefined index: count /Library/WebServer/Documents/think/zsjh/Application/Runtime/Cache/Home/1223f42a89e823bf89547594651162de.php 第 40 行.
INFO: Run Behavior\ParseTemplateBehavior [ RunTime:0.010911s ]
INFO: [ view_parse ] --END-- [ RunTime:0.010942s ]
INFO: [ view_filter ] --START--
INFO: Run Behavior\WriteHtmlCacheBehavior [ RunTime:0.000106s ]
INFO: [ view_filter ] --END-- [ RunTime:0.000128s ]
INFO: [ app_end ] --START--
INFO: Run Behavior\ShowPageTraceBehavior [ RunTime:0.000297s ]
INFO: [ app_end ] --END-- [ RunTime:0.000343s ]

[ 2015-04-25T19:59:23+08:00 ] ::1 /think/zsjh/index.php/Home/Index/detail?province=%E5%B1%B1%E4%B8%9C
INFO: [ app_init ] --START--
INFO: Run Behavior\BuildLiteBehavior [ RunTime:0.000009s ]
INFO: [ app_init ] --END-- [ RunTime:0.000185s ]
INFO: [ app_begin ] --START--
INFO: Run Behavior\ReadHtmlCacheBehavior [ RunTime:0.000240s ]
INFO: [ app_begin ] --END-- [ RunTime:0.000270s ]
SQL: SHOW COLUMNS FROM `puke` [ RunTime:0.0021s ]
SQL: SELECT * FROM `puke` WHERE `province` = '山东'  [ RunTime:0.0007s ]
SQL: SHOW COLUMNS FROM `benshuo` [ RunTime:0.0020s ]
SQL: SELECT * FROM `benshuo` WHERE `province` = '山东'  [ RunTime:0.0003s ]
SQL: SHOW COLUMNS FROM `guofang` [ RunTime:0.0020s ]
SQL: SELECT * FROM `guofang` WHERE `province` = '山东'  [ RunTime:0.0003s ]
INFO: [ view_parse ] --START--
INFO: [ template_filter ] --START--
INFO: Run Behavior\ContentReplaceBehavior [ RunTime:0.000029s ]
INFO: [ template_filter ] --END-- [ RunTime:0.000066s ]
NOTIC: [8] Undefined index: count /Library/WebServer/Documents/think/zsjh/Application/Runtime/Cache/Home/1223f42a89e823bf89547594651162de.php 第 40 行.
NOTIC: [8] Undefined index: count /Library/WebServer/Documents/think/zsjh/Application/Runtime/Cache/Home/1223f42a89e823bf89547594651162de.php 第 40 行.
NOTIC: [8] Undefined index: count /Library/WebServer/Documents/think/zsjh/Application/Runtime/Cache/Home/1223f42a89e823bf89547594651162de.php 第 40 行.
NOTIC: [8] Undefined index: count /Library/WebServer/Documents/think/zsjh/Application/Runtime/Cache/Home/1223f42a89e823bf89547594651162de.php 第 40 行.
NOTIC: [8] Undefined index: count /Library/WebServer/Documents/think/zsjh/Application/Runtime/Cache/Home/1223f42a89e823bf89547594651162de.php 第 40 行.
NOTIC: [8] Undefined index: count /Library/WebServer/Documents/think/zsjh/Application/Runtime/Cache/Home/1223f42a89e823bf89547594651162de.php 第 40 行.
NOTIC: [8] Undefined index: count /Library/WebServer/Documents/think/zsjh/Application/Runtime/Cache/Home/1223f42a89e823bf89547594651162de.php 第 40 行.
NOTIC: [8] Undefined index: count /Library/WebServer/Documents/think/zsjh/Application/Runtime/Cache/Home/1223f42a89e823bf89547594651162de.php 第 40 行.
NOTIC: [8] Undefined index: count /Library/WebServer/Documents/think/zsjh/Application/Runtime/Cache/Home/1223f42a89e823bf89547594651162de.php 第 40 行.
NOTIC: [8] Undefined index: count /Library/WebServer/Documents/think/zsjh/Application/Runtime/Cache/Home/1223f42a89e823bf89547594651162de.php 第 40 行.
NOTIC: [8] Undefined index: count /Library/WebServer/Documents/think/zsjh/Application/Runtime/Cache/Home/1223f42a89e823bf89547594651162de.php 第 40 行.
NOTIC: [8] Undefined index: count /Library/WebServer/Documents/think/zsjh/Application/Runtime/Cache/Home/1223f42a89e823bf89547594651162de.php 第 40 行.
NOTIC: [8] Undefined index: count /Library/WebServer/Documents/think/zsjh/Application/Runtime/Cache/Home/1223f42a89e823bf89547594651162de.php 第 40 行.
NOTIC: [8] Undefined index: count /Library/WebServer/Documents/think/zsjh/Application/Runtime/Cache/Home/1223f42a89e823bf89547594651162de.php 第 40 行.
NOTIC: [8] Undefined index: count /Library/WebServer/Documents/think/zsjh/Application/Runtime/Cache/Home/1223f42a89e823bf89547594651162de.php 第 40 行.
NOTIC: [8] Undefined index: count /Library/WebServer/Documents/think/zsjh/Application/Runtime/Cache/Home/1223f42a89e823bf89547594651162de.php 第 40 行.
NOTIC: [8] Undefined index: count /Library/WebServer/Documents/think/zsjh/Application/Runtime/Cache/Home/1223f42a89e823bf89547594651162de.php 第 40 行.
NOTIC: [8] Undefined index: count /Library/WebServer/Documents/think/zsjh/Application/Runtime/Cache/Home/1223f42a89e823bf89547594651162de.php 第 40 行.
NOTIC: [8] Undefined index: count /Library/WebServer/Documents/think/zsjh/Application/Runtime/Cache/Home/1223f42a89e823bf89547594651162de.php 第 40 行.
NOTIC: [8] Undefined index: count /Library/WebServer/Documents/think/zsjh/Application/Runtime/Cache/Home/1223f42a89e823bf89547594651162de.php 第 40 行.
NOTIC: [8] Undefined index: count /Library/WebServer/Documents/think/zsjh/Application/Runtime/Cache/Home/1223f42a89e823bf89547594651162de.php 第 40 行.
NOTIC: [8] Undefined index: count /Library/WebServer/Documents/think/zsjh/Application/Runtime/Cache/Home/1223f42a89e823bf89547594651162de.php 第 40 行.
NOTIC: [8] Undefined index: count /Library/WebServer/Documents/think/zsjh/Application/Runtime/Cache/Home/1223f42a89e823bf89547594651162de.php 第 40 行.
NOTIC: [8] Undefined index: count /Library/WebServer/Documents/think/zsjh/Application/Runtime/Cache/Home/1223f42a89e823bf89547594651162de.php 第 40 行.
NOTIC: [8] Undefined index: count /Library/WebServer/Documents/think/zsjh/Application/Runtime/Cache/Home/1223f42a89e823bf89547594651162de.php 第 40 行.
NOTIC: [8] Undefined index: count /Library/WebServer/Documents/think/zsjh/Application/Runtime/Cache/Home/1223f42a89e823bf89547594651162de.php 第 40 行.
NOTIC: [8] Undefined index: count /Library/WebServer/Documents/think/zsjh/Application/Runtime/Cache/Home/1223f42a89e823bf89547594651162de.php 第 40 行.
NOTIC: [8] Undefined index: count /Library/WebServer/Documents/think/zsjh/Application/Runtime/Cache/Home/1223f42a89e823bf89547594651162de.php 第 40 行.
NOTIC: [8] Undefined index: count /Library/WebServer/Documents/think/zsjh/Application/Runtime/Cache/Home/1223f42a89e823bf89547594651162de.php 第 40 行.
NOTIC: [8] Undefined index: count /Library/WebServer/Documents/think/zsjh/Application/Runtime/Cache/Home/1223f42a89e823bf89547594651162de.php 第 40 行.
NOTIC: [8] Undefined index: count /Library/WebServer/Documents/think/zsjh/Application/Runtime/Cache/Home/1223f42a89e823bf89547594651162de.php 第 40 行.
NOTIC: [8] Undefined index: count /Library/WebServer/Documents/think/zsjh/Application/Runtime/Cache/Home/1223f42a89e823bf89547594651162de.php 第 40 行.
NOTIC: [8] Undefined index: count /Library/WebServer/Documents/think/zsjh/Application/Runtime/Cache/Home/1223f42a89e823bf89547594651162de.php 第 40 行.
NOTIC: [8] Undefined index: count /Library/WebServer/Documents/think/zsjh/Application/Runtime/Cache/Home/1223f42a89e823bf89547594651162de.php 第 40 行.
NOTIC: [8] Undefined index: count /Library/WebServer/Documents/think/zsjh/Application/Runtime/Cache/Home/1223f42a89e823bf89547594651162de.php 第 40 行.
NOTIC: [8] Undefined index: count /Library/WebServer/Documents/think/zsjh/Application/Runtime/Cache/Home/1223f42a89e823bf89547594651162de.php 第 40 行.
NOTIC: [8] Undefined index: count /Library/WebServer/Documents/think/zsjh/Application/Runtime/Cache/Home/1223f42a89e823bf89547594651162de.php 第 40 行.
NOTIC: [8] Undefined index: count /Library/WebServer/Documents/think/zsjh/Application/Runtime/Cache/Home/1223f42a89e823bf89547594651162de.php 第 40 行.
NOTIC: [8] Undefined index: count /Library/WebServer/Documents/think/zsjh/Application/Runtime/Cache/Home/1223f42a89e823bf89547594651162de.php 第 40 行.
NOTIC: [8] Undefined index: count /Library/WebServer/Documents/think/zsjh/Application/Runtime/Cache/Home/1223f42a89e823bf89547594651162de.php 第 40 行.
NOTIC: [8] Undefined index: count /Library/WebServer/Documents/think/zsjh/Application/Runtime/Cache/Home/1223f42a89e823bf89547594651162de.php 第 40 行.
NOTIC: [8] Undefined index: count /Library/WebServer/Documents/think/zsjh/Application/Runtime/Cache/Home/1223f42a89e823bf89547594651162de.php 第 40 行.
NOTIC: [8] Undefined index: count /Library/WebServer/Documents/think/zsjh/Application/Runtime/Cache/Home/1223f42a89e823bf89547594651162de.php 第 40 行.
NOTIC: [8] Undefined index: count /Library/WebServer/Documents/think/zsjh/Application/Runtime/Cache/Home/1223f42a89e823bf89547594651162de.php 第 40 行.
NOTIC: [8] Undefined index: count /Library/WebServer/Documents/think/zsjh/Application/Runtime/Cache/Home/1223f42a89e823bf89547594651162de.php 第 40 行.
NOTIC: [8] Undefined index: count /Library/WebServer/Documents/think/zsjh/Application/Runtime/Cache/Home/1223f42a89e823bf89547594651162de.php 第 40 行.
NOTIC: [8] Undefined index: count /Library/WebServer/Documents/think/zsjh/Application/Runtime/Cache/Home/1223f42a89e823bf89547594651162de.php 第 40 行.
NOTIC: [8] Undefined index: count /Library/WebServer/Documents/think/zsjh/Application/Runtime/Cache/Home/1223f42a89e823bf89547594651162de.php 第 40 行.
NOTIC: [8] Undefined index: count /Library/WebServer/Documents/think/zsjh/Application/Runtime/Cache/Home/1223f42a89e823bf89547594651162de.php 第 40 行.
NOTIC: [8] Undefined index: count /Library/WebServer/Documents/think/zsjh/Application/Runtime/Cache/Home/1223f42a89e823bf89547594651162de.php 第 40 行.
NOTIC: [8] Undefined index: count /Library/WebServer/Documents/think/zsjh/Application/Runtime/Cache/Home/1223f42a89e823bf89547594651162de.php 第 40 行.
INFO: Run Behavior\ParseTemplateBehavior [ RunTime:0.012059s ]
INFO: [ view_parse ] --END-- [ RunTime:0.012092s ]
INFO: [ view_filter ] --START--
INFO: Run Behavior\WriteHtmlCacheBehavior [ RunTime:0.000116s ]
INFO: [ view_filter ] --END-- [ RunTime:0.000138s ]
INFO: [ app_end ] --START--
INFO: Run Behavior\ShowPageTraceBehavior [ RunTime:0.000385s ]
INFO: [ app_end ] --END-- [ RunTime:0.000438s ]

[ 2015-04-25T19:59:26+08:00 ] ::1 /think/zsjh/index.php/Home/Index/
INFO: [ app_init ] --START--
INFO: Run Behavior\BuildLiteBehavior [ RunTime:0.000008s ]
INFO: [ app_init ] --END-- [ RunTime:0.000174s ]
INFO: [ app_begin ] --START--
INFO: Run Behavior\ReadHtmlCacheBehavior [ RunTime:0.000220s ]
INFO: [ app_begin ] --END-- [ RunTime:0.000246s ]
INFO: [ view_parse ] --START--
INFO: [ template_filter ] --START--
INFO: Run Behavior\ContentReplaceBehavior [ RunTime:0.000021s ]
INFO: [ template_filter ] --END-- [ RunTime:0.000048s ]
INFO: Run Behavior\ParseTemplateBehavior [ RunTime:0.003101s ]
INFO: [ view_parse ] --END-- [ RunTime:0.003127s ]
INFO: [ view_filter ] --START--
INFO: Run Behavior\WriteHtmlCacheBehavior [ RunTime:0.000083s ]
INFO: [ view_filter ] --END-- [ RunTime:0.000102s ]
INFO: [ app_end ] --START--
INFO: Run Behavior\ShowPageTraceBehavior [ RunTime:0.000233s ]
INFO: [ app_end ] --END-- [ RunTime:0.000255s ]

[ 2015-04-25T19:59:28+08:00 ] ::1 /think/zsjh/index.php/Home/Index/detail?province=%E5%B1%B1%E4%B8%9C
INFO: [ app_init ] --START--
INFO: Run Behavior\BuildLiteBehavior [ RunTime:0.000007s ]
INFO: [ app_init ] --END-- [ RunTime:0.000169s ]
INFO: [ app_begin ] --START--
INFO: Run Behavior\ReadHtmlCacheBehavior [ RunTime:0.000212s ]
INFO: [ app_begin ] --END-- [ RunTime:0.000238s ]
SQL: SHOW COLUMNS FROM `puke` [ RunTime:0.0020s ]
SQL: SELECT * FROM `puke` WHERE `province` = '山东'  [ RunTime:0.0007s ]
SQL: SHOW COLUMNS FROM `benshuo` [ RunTime:0.0020s ]
SQL: SELECT * FROM `benshuo` WHERE `province` = '山东'  [ RunTime:0.0003s ]
SQL: SHOW COLUMNS FROM `guofang` [ RunTime:0.0039s ]
SQL: SELECT * FROM `guofang` WHERE `province` = '山东'  [ RunTime:0.0003s ]
INFO: [ view_parse ] --START--
INFO: [ template_filter ] --START--
INFO: Run Behavior\ContentReplaceBehavior [ RunTime:0.000025s ]
INFO: [ template_filter ] --END-- [ RunTime:0.000054s ]
NOTIC: [8] Undefined index: count /Library/WebServer/Documents/think/zsjh/Application/Runtime/Cache/Home/1223f42a89e823bf89547594651162de.php 第 40 行.
NOTIC: [8] Undefined index: count /Library/WebServer/Documents/think/zsjh/Application/Runtime/Cache/Home/1223f42a89e823bf89547594651162de.php 第 40 行.
NOTIC: [8] Undefined index: count /Library/WebServer/Documents/think/zsjh/Application/Runtime/Cache/Home/1223f42a89e823bf89547594651162de.php 第 40 行.
NOTIC: [8] Undefined index: count /Library/WebServer/Documents/think/zsjh/Application/Runtime/Cache/Home/1223f42a89e823bf89547594651162de.php 第 40 行.
NOTIC: [8] Undefined index: count /Library/WebServer/Documents/think/zsjh/Application/Runtime/Cache/Home/1223f42a89e823bf89547594651162de.php 第 40 行.
NOTIC: [8] Undefined index: count /Library/WebServer/Documents/think/zsjh/Application/Runtime/Cache/Home/1223f42a89e823bf89547594651162de.php 第 40 行.
NOTIC: [8] Undefined index: count /Library/WebServer/Documents/think/zsjh/Application/Runtime/Cache/Home/1223f42a89e823bf89547594651162de.php 第 40 行.
NOTIC: [8] Undefined index: count /Library/WebServer/Documents/think/zsjh/Application/Runtime/Cache/Home/1223f42a89e823bf89547594651162de.php 第 40 行.
NOTIC: [8] Undefined index: count /Library/WebServer/Documents/think/zsjh/Application/Runtime/Cache/Home/1223f42a89e823bf89547594651162de.php 第 40 行.
NOTIC: [8] Undefined index: count /Library/WebServer/Documents/think/zsjh/Application/Runtime/Cache/Home/1223f42a89e823bf89547594651162de.php 第 40 行.
NOTIC: [8] Undefined index: count /Library/WebServer/Documents/think/zsjh/Application/Runtime/Cache/Home/1223f42a89e823bf89547594651162de.php 第 40 行.
NOTIC: [8] Undefined index: count /Library/WebServer/Documents/think/zsjh/Application/Runtime/Cache/Home/1223f42a89e823bf89547594651162de.php 第 40 行.
NOTIC: [8] Undefined index: count /Library/WebServer/Documents/think/zsjh/Application/Runtime/Cache/Home/1223f42a89e823bf89547594651162de.php 第 40 行.
NOTIC: [8] Undefined index: count /Library/WebServer/Documents/think/zsjh/Application/Runtime/Cache/Home/1223f42a89e823bf89547594651162de.php 第 40 行.
NOTIC: [8] Undefined index: count /Library/WebServer/Documents/think/zsjh/Application/Runtime/Cache/Home/1223f42a89e823bf89547594651162de.php 第 40 行.
NOTIC: [8] Undefined index: count /Library/WebServer/Documents/think/zsjh/Application/Runtime/Cache/Home/1223f42a89e823bf89547594651162de.php 第 40 行.
NOTIC: [8] Undefined index: count /Library/WebServer/Documents/think/zsjh/Application/Runtime/Cache/Home/1223f42a89e823bf89547594651162de.php 第 40 行.
NOTIC: [8] Undefined index: count /Library/WebServer/Documents/think/zsjh/Application/Runtime/Cache/Home/1223f42a89e823bf89547594651162de.php 第 40 行.
NOTIC: [8] Undefined index: count /Library/WebServer/Documents/think/zsjh/Application/Runtime/Cache/Home/1223f42a89e823bf89547594651162de.php 第 40 行.
NOTIC: [8] Undefined index: count /Library/WebServer/Documents/think/zsjh/Application/Runtime/Cache/Home/1223f42a89e823bf89547594651162de.php 第 40 行.
NOTIC: [8] Undefined index: count /Library/WebServer/Documents/think/zsjh/Application/Runtime/Cache/Home/1223f42a89e823bf89547594651162de.php 第 40 行.
NOTIC: [8] Undefined index: count /Library/WebServer/Documents/think/zsjh/Application/Runtime/Cache/Home/1223f42a89e823bf89547594651162de.php 第 40 行.
NOTIC: [8] Undefined index: count /Library/WebServer/Documents/think/zsjh/Application/Runtime/Cache/Home/1223f42a89e823bf89547594651162de.php 第 40 行.
NOTIC: [8] Undefined index: count /Library/WebServer/Documents/think/zsjh/Application/Runtime/Cache/Home/1223f42a89e823bf89547594651162de.php 第 40 行.
NOTIC: [8] Undefined index: count /Library/WebServer/Documents/think/zsjh/Application/Runtime/Cache/Home/1223f42a89e823bf89547594651162de.php 第 40 行.
NOTIC: [8] Undefined index: count /Library/WebServer/Documents/think/zsjh/Application/Runtime/Cache/Home/1223f42a89e823bf89547594651162de.php 第 40 行.
NOTIC: [8] Undefined index: count /Library/WebServer/Documents/think/zsjh/Application/Runtime/Cache/Home/1223f42a89e823bf89547594651162de.php 第 40 行.
NOTIC: [8] Undefined index: count /Library/WebServer/Documents/think/zsjh/Application/Runtime/Cache/Home/1223f42a89e823bf89547594651162de.php 第 40 行.
NOTIC: [8] Undefined index: count /Library/WebServer/Documents/think/zsjh/Application/Runtime/Cache/Home/1223f42a89e823bf89547594651162de.php 第 40 行.
NOTIC: [8] Undefined index: count /Library/WebServer/Documents/think/zsjh/Application/Runtime/Cache/Home/1223f42a89e823bf89547594651162de.php 第 40 行.
NOTIC: [8] Undefined index: count /Library/WebServer/Documents/think/zsjh/Application/Runtime/Cache/Home/1223f42a89e823bf89547594651162de.php 第 40 行.
NOTIC: [8] Undefined index: count /Library/WebServer/Documents/think/zsjh/Application/Runtime/Cache/Home/1223f42a89e823bf89547594651162de.php 第 40 行.
NOTIC: [8] Undefined index: count /Library/WebServer/Documents/think/zsjh/Application/Runtime/Cache/Home/1223f42a89e823bf89547594651162de.php 第 40 行.
NOTIC: [8] Undefined index: count /Library/WebServer/Documents/think/zsjh/Application/Runtime/Cache/Home/1223f42a89e823bf89547594651162de.php 第 40 行.
NOTIC: [8] Undefined index: count /Library/WebServer/Documents/think/zsjh/Application/Runtime/Cache/Home/1223f42a89e823bf89547594651162de.php 第 40 行.
NOTIC: [8] Undefined index: count /Library/WebServer/Documents/think/zsjh/Application/Runtime/Cache/Home/1223f42a89e823bf89547594651162de.php 第 40 行.
NOTIC: [8] Undefined index: count /Library/WebServer/Documents/think/zsjh/Application/Runtime/Cache/Home/1223f42a89e823bf89547594651162de.php 第 40 行.
NOTIC: [8] Undefined index: count /Library/WebServer/Documents/think/zsjh/Application/Runtime/Cache/Home/1223f42a89e823bf89547594651162de.php 第 40 行.
NOTIC: [8] Undefined index: count /Library/WebServer/Documents/think/zsjh/Application/Runtime/Cache/Home/1223f42a89e823bf89547594651162de.php 第 40 行.
NOTIC: [8] Undefined index: count /Library/WebServer/Documents/think/zsjh/Application/Runtime/Cache/Home/1223f42a89e823bf89547594651162de.php 第 40 行.
NOTIC: [8] Undefined index: count /Library/WebServer/Documents/think/zsjh/Application/Runtime/Cache/Home/1223f42a89e823bf89547594651162de.php 第 40 行.
NOTIC: [8] Undefined index: count /Library/WebServer/Documents/think/zsjh/Application/Runtime/Cache/Home/1223f42a89e823bf89547594651162de.php 第 40 行.
NOTIC: [8] Undefined index: count /Library/WebServer/Documents/think/zsjh/Application/Runtime/Cache/Home/1223f42a89e823bf89547594651162de.php 第 40 行.
NOTIC: [8] Undefined index: count /Library/WebServer/Documents/think/zsjh/Application/Runtime/Cache/Home/1223f42a89e823bf89547594651162de.php 第 40 行.
NOTIC: [8] Undefined index: count /Library/WebServer/Documents/think/zsjh/Application/Runtime/Cache/Home/1223f42a89e823bf89547594651162de.php 第 40 行.
NOTIC: [8] Undefined index: count /Library/WebServer/Documents/think/zsjh/Application/Runtime/Cache/Home/1223f42a89e823bf89547594651162de.php 第 40 行.
NOTIC: [8] Undefined index: count /Library/WebServer/Documents/think/zsjh/Application/Runtime/Cache/Home/1223f42a89e823bf89547594651162de.php 第 40 行.
NOTIC: [8] Undefined index: count /Library/WebServer/Documents/think/zsjh/Application/Runtime/Cache/Home/1223f42a89e823bf89547594651162de.php 第 40 行.
NOTIC: [8] Undefined index: count /Library/WebServer/Documents/think/zsjh/Application/Runtime/Cache/Home/1223f42a89e823bf89547594651162de.php 第 40 行.
NOTIC: [8] Undefined index: count /Library/WebServer/Documents/think/zsjh/Application/Runtime/Cache/Home/1223f42a89e823bf89547594651162de.php 第 40 行.
NOTIC: [8] Undefined index: count /Library/WebServer/Documents/think/zsjh/Application/Runtime/Cache/Home/1223f42a89e823bf89547594651162de.php 第 40 行.
INFO: Run Behavior\ParseTemplateBehavior [ RunTime:0.010637s ]
INFO: [ view_parse ] --END-- [ RunTime:0.010672s ]
INFO: [ view_filter ] --START--
INFO: Run Behavior\WriteHtmlCacheBehavior [ RunTime:0.000126s ]
INFO: [ view_filter ] --END-- [ RunTime:0.000155s ]
INFO: [ app_end ] --START--
INFO: Run Behavior\ShowPageTraceBehavior [ RunTime:0.000376s ]
INFO: [ app_end ] --END-- [ RunTime:0.000430s ]

[ 2015-04-25T20:03:17+08:00 ] ::1 /think/zsjh/index.php/Home/Index/
INFO: [ app_init ] --START--
INFO: Run Behavior\BuildLiteBehavior [ RunTime:0.000007s ]
INFO: [ app_init ] --END-- [ RunTime:0.000171s ]
INFO: [ app_begin ] --START--
INFO: Run Behavior\ReadHtmlCacheBehavior [ RunTime:0.000252s ]
INFO: [ app_begin ] --END-- [ RunTime:0.000279s ]
INFO: [ view_parse ] --START--
INFO: [ template_filter ] --START--
INFO: Run Behavior\ContentReplaceBehavior [ RunTime:0.000021s ]
INFO: [ template_filter ] --END-- [ RunTime:0.000052s ]
INFO: Run Behavior\ParseTemplateBehavior [ RunTime:0.003186s ]
INFO: [ view_parse ] --END-- [ RunTime:0.003212s ]
INFO: [ view_filter ] --START--
INFO: Run Behavior\WriteHtmlCacheBehavior [ RunTime:0.000084s ]
INFO: [ view_filter ] --END-- [ RunTime:0.000103s ]
INFO: [ app_end ] --START--
INFO: Run Behavior\ShowPageTraceBehavior [ RunTime:0.000233s ]
INFO: [ app_end ] --END-- [ RunTime:0.000256s ]

[ 2015-04-25T20:03:19+08:00 ] ::1 /think/zsjh/index.php/Home/Index/detail?province=%E5%B1%B1%E4%B8%9C
INFO: [ app_init ] --START--
INFO: Run Behavior\BuildLiteBehavior [ RunTime:0.000009s ]
INFO: [ app_init ] --END-- [ RunTime:0.000173s ]
INFO: [ app_begin ] --START--
INFO: Run Behavior\ReadHtmlCacheBehavior [ RunTime:0.000218s ]
INFO: [ app_begin ] --END-- [ RunTime:0.000244s ]
SQL: SHOW COLUMNS FROM `puke` [ RunTime:0.0021s ]
SQL: SELECT * FROM `puke` WHERE `province` = '山东'  [ RunTime:0.0007s ]
SQL: SHOW COLUMNS FROM `benshuo` [ RunTime:0.0019s ]
SQL: SELECT * FROM `benshuo` WHERE `province` = '山东'  [ RunTime:0.0003s ]
SQL: SHOW COLUMNS FROM `guofang` [ RunTime:0.0034s ]
SQL: SELECT * FROM `guofang` WHERE `province` = '山东'  [ RunTime:0.0004s ]
INFO: [ view_parse ] --START--
INFO: [ template_filter ] --START--
INFO: Run Behavior\ContentReplaceBehavior [ RunTime:0.000026s ]
INFO: [ template_filter ] --END-- [ RunTime:0.000057s ]
NOTIC: [8] Undefined index: count /Library/WebServer/Documents/think/zsjh/Application/Runtime/Cache/Home/1223f42a89e823bf89547594651162de.php 第 40 行.
NOTIC: [8] Undefined index: count /Library/WebServer/Documents/think/zsjh/Application/Runtime/Cache/Home/1223f42a89e823bf89547594651162de.php 第 40 行.
NOTIC: [8] Undefined index: count /Library/WebServer/Documents/think/zsjh/Application/Runtime/Cache/Home/1223f42a89e823bf89547594651162de.php 第 40 行.
NOTIC: [8] Undefined index: count /Library/WebServer/Documents/think/zsjh/Application/Runtime/Cache/Home/1223f42a89e823bf89547594651162de.php 第 40 行.
NOTIC: [8] Undefined index: count /Library/WebServer/Documents/think/zsjh/Application/Runtime/Cache/Home/1223f42a89e823bf89547594651162de.php 第 40 行.
NOTIC: [8] Undefined index: count /Library/WebServer/Documents/think/zsjh/Application/Runtime/Cache/Home/1223f42a89e823bf89547594651162de.php 第 40 行.
NOTIC: [8] Undefined index: count /Library/WebServer/Documents/think/zsjh/Application/Runtime/Cache/Home/1223f42a89e823bf89547594651162de.php 第 40 行.
NOTIC: [8] Undefined index: count /Library/WebServer/Documents/think/zsjh/Application/Runtime/Cache/Home/1223f42a89e823bf89547594651162de.php 第 40 行.
NOTIC: [8] Undefined index: count /Library/WebServer/Documents/think/zsjh/Application/Runtime/Cache/Home/1223f42a89e823bf89547594651162de.php 第 40 行.
NOTIC: [8] Undefined index: count /Library/WebServer/Documents/think/zsjh/Application/Runtime/Cache/Home/1223f42a89e823bf89547594651162de.php 第 40 行.
NOTIC: [8] Undefined index: count /Library/WebServer/Documents/think/zsjh/Application/Runtime/Cache/Home/1223f42a89e823bf89547594651162de.php 第 40 行.
NOTIC: [8] Undefined index: count /Library/WebServer/Documents/think/zsjh/Application/Runtime/Cache/Home/1223f42a89e823bf89547594651162de.php 第 40 行.
NOTIC: [8] Undefined index: count /Library/WebServer/Documents/think/zsjh/Application/Runtime/Cache/Home/1223f42a89e823bf89547594651162de.php 第 40 行.
NOTIC: [8] Undefined index: count /Library/WebServer/Documents/think/zsjh/Application/Runtime/Cache/Home/1223f42a89e823bf89547594651162de.php 第 40 行.
NOTIC: [8] Undefined index: count /Library/WebServer/Documents/think/zsjh/Application/Runtime/Cache/Home/1223f42a89e823bf89547594651162de.php 第 40 行.
NOTIC: [8] Undefined index: count /Library/WebServer/Documents/think/zsjh/Application/Runtime/Cache/Home/1223f42a89e823bf89547594651162de.php 第 40 行.
NOTIC: [8] Undefined index: count /Library/WebServer/Documents/think/zsjh/Application/Runtime/Cache/Home/1223f42a89e823bf89547594651162de.php 第 40 行.
NOTIC: [8] Undefined index: count /Library/WebServer/Documents/think/zsjh/Application/Runtime/Cache/Home/1223f42a89e823bf89547594651162de.php 第 40 行.
NOTIC: [8] Undefined index: count /Library/WebServer/Documents/think/zsjh/Application/Runtime/Cache/Home/1223f42a89e823bf89547594651162de.php 第 40 行.
NOTIC: [8] Undefined index: count /Library/WebServer/Documents/think/zsjh/Application/Runtime/Cache/Home/1223f42a89e823bf89547594651162de.php 第 40 行.
NOTIC: [8] Undefined index: count /Library/WebServer/Documents/think/zsjh/Application/Runtime/Cache/Home/1223f42a89e823bf89547594651162de.php 第 40 行.
NOTIC: [8] Undefined index: count /Library/WebServer/Documents/think/zsjh/Application/Runtime/Cache/Home/1223f42a89e823bf89547594651162de.php 第 40 行.
NOTIC: [8] Undefined index: count /Library/WebServer/Documents/think/zsjh/Application/Runtime/Cache/Home/1223f42a89e823bf89547594651162de.php 第 40 行.
NOTIC: [8] Undefined index: count /Library/WebServer/Documents/think/zsjh/Application/Runtime/Cache/Home/1223f42a89e823bf89547594651162de.php 第 40 行.
NOTIC: [8] Undefined index: count /Library/WebServer/Documents/think/zsjh/Application/Runtime/Cache/Home/1223f42a89e823bf89547594651162de.php 第 40 行.
NOTIC: [8] Undefined index: count /Library/WebServer/Documents/think/zsjh/Application/Runtime/Cache/Home/1223f42a89e823bf89547594651162de.php 第 40 行.
NOTIC: [8] Undefined index: count /Library/WebServer/Documents/think/zsjh/Application/Runtime/Cache/Home/1223f42a89e823bf89547594651162de.php 第 40 行.
NOTIC: [8] Undefined index: count /Library/WebServer/Documents/think/zsjh/Application/Runtime/Cache/Home/1223f42a89e823bf89547594651162de.php 第 40 行.
NOTIC: [8] Undefined index: count /Library/WebServer/Documents/think/zsjh/Application/Runtime/Cache/Home/1223f42a89e823bf89547594651162de.php 第 40 行.
NOTIC: [8] Undefined index: count /Library/WebServer/Documents/think/zsjh/Application/Runtime/Cache/Home/1223f42a89e823bf89547594651162de.php 第 40 行.
NOTIC: [8] Undefined index: count /Library/WebServer/Documents/think/zsjh/Application/Runtime/Cache/Home/1223f42a89e823bf89547594651162de.php 第 40 行.
NOTIC: [8] Undefined index: count /Library/WebServer/Documents/think/zsjh/Application/Runtime/Cache/Home/1223f42a89e823bf89547594651162de.php 第 40 行.
NOTIC: [8] Undefined index: count /Library/WebServer/Documents/think/zsjh/Application/Runtime/Cache/Home/1223f42a89e823bf89547594651162de.php 第 40 行.
NOTIC: [8] Undefined index: count /Library/WebServer/Documents/think/zsjh/Application/Runtime/Cache/Home/1223f42a89e823bf89547594651162de.php 第 40 行.
NOTIC: [8] Undefined index: count /Library/WebServer/Documents/think/zsjh/Application/Runtime/Cache/Home/1223f42a89e823bf89547594651162de.php 第 40 行.
NOTIC: [8] Undefined index: count /Library/WebServer/Documents/think/zsjh/Application/Runtime/Cache/Home/1223f42a89e823bf89547594651162de.php 第 40 行.
NOTIC: [8] Undefined index: count /Library/WebServer/Documents/think/zsjh/Application/Runtime/Cache/Home/1223f42a89e823bf89547594651162de.php 第 40 行.
NOTIC: [8] Undefined index: count /Library/WebServer/Documents/think/zsjh/Application/Runtime/Cache/Home/1223f42a89e823bf89547594651162de.php 第 40 行.
NOTIC: [8] Undefined index: count /Library/WebServer/Documents/think/zsjh/Application/Runtime/Cache/Home/1223f42a89e823bf89547594651162de.php 第 40 行.
NOTIC: [8] Undefined index: count /Library/WebServer/Documents/think/zsjh/Application/Runtime/Cache/Home/1223f42a89e823bf89547594651162de.php 第 40 行.
NOTIC: [8] Undefined index: count /Library/WebServer/Documents/think/zsjh/Application/Runtime/Cache/Home/1223f42a89e823bf89547594651162de.php 第 40 行.
NOTIC: [8] Undefined index: count /Library/WebServer/Documents/think/zsjh/Application/Runtime/Cache/Home/1223f42a89e823bf89547594651162de.php 第 40 行.
NOTIC: [8] Undefined index: count /Library/WebServer/Documents/think/zsjh/Application/Runtime/Cache/Home/1223f42a89e823bf89547594651162de.php 第 40 行.
NOTIC: [8] Undefined index: count /Library/WebServer/Documents/think/zsjh/Application/Runtime/Cache/Home/1223f42a89e823bf89547594651162de.php 第 40 行.
NOTIC: [8] Undefined index: count /Library/WebServer/Documents/think/zsjh/Application/Runtime/Cache/Home/1223f42a89e823bf89547594651162de.php 第 40 行.
NOTIC: [8] Undefined index: count /Library/WebServer/Documents/think/zsjh/Application/Runtime/Cache/Home/1223f42a89e823bf89547594651162de.php 第 40 行.
NOTIC: [8] Undefined index: count /Library/WebServer/Documents/think/zsjh/Application/Runtime/Cache/Home/1223f42a89e823bf89547594651162de.php 第 40 行.
NOTIC: [8] Undefined index: count /Library/WebServer/Documents/think/zsjh/Application/Runtime/Cache/Home/1223f42a89e823bf89547594651162de.php 第 40 行.
NOTIC: [8] Undefined index: count /Library/WebServer/Documents/think/zsjh/Application/Runtime/Cache/Home/1223f42a89e823bf89547594651162de.php 第 40 行.
NOTIC: [8] Undefined index: count /Library/WebServer/Documents/think/zsjh/Application/Runtime/Cache/Home/1223f42a89e823bf89547594651162de.php 第 40 行.
NOTIC: [8] Undefined index: count /Library/WebServer/Documents/think/zsjh/Application/Runtime/Cache/Home/1223f42a89e823bf89547594651162de.php 第 40 行.
INFO: Run Behavior\ParseTemplateBehavior [ RunTime:0.011017s ]
INFO: [ view_parse ] --END-- [ RunTime:0.011091s ]
INFO: [ view_filter ] --START--
INFO: Run Behavior\WriteHtmlCacheBehavior [ RunTime:0.000206s ]
INFO: [ view_filter ] --END-- [ RunTime:0.000242s ]
INFO: [ app_end ] --START--
INFO: Run Behavior\ShowPageTraceBehavior [ RunTime:0.000507s ]
INFO: [ app_end ] --END-- [ RunTime:0.000573s ]

[ 2015-04-25T20:04:41+08:00 ] ::1 /think/zsjh/index.php/Home/Index/detail?province=%E5%B1%B1%E4%B8%9C
INFO: [ app_init ] --START--
INFO: Run Behavior\BuildLiteBehavior [ RunTime:0.000010s ]
INFO: [ app_init ] --END-- [ RunTime:0.000282s ]
INFO: [ app_begin ] --START--
INFO: Run Behavior\ReadHtmlCacheBehavior [ RunTime:0.000397s ]
INFO: [ app_begin ] --END-- [ RunTime:0.000429s ]
SQL: SHOW COLUMNS FROM `puke` [ RunTime:0.0021s ]
SQL: SELECT * FROM `puke` WHERE `province` = '山东'  [ RunTime:0.0010s ]
SQL: SHOW COLUMNS FROM `benshuo` [ RunTime:0.0021s ]
SQL: SELECT * FROM `benshuo` WHERE `province` = '山东'  [ RunTime:0.0006s ]
SQL: SHOW COLUMNS FROM `guofang` [ RunTime:0.0027s ]
SQL: SELECT * FROM `guofang` WHERE `province` = '山东'  [ RunTime:0.0009s ]
INFO: [ view_parse ] --START--
INFO: [ template_filter ] --START--
INFO: Run Behavior\ContentReplaceBehavior [ RunTime:0.000032s ]
INFO: [ template_filter ] --END-- [ RunTime:0.000085s ]
INFO: Run Behavior\ParseTemplateBehavior [ RunTime:0.011347s ]
INFO: [ view_parse ] --END-- [ RunTime:0.011506s ]
INFO: [ view_filter ] --START--
INFO: Run Behavior\WriteHtmlCacheBehavior [ RunTime:0.000403s ]
INFO: [ view_filter ] --END-- [ RunTime:0.000451s ]
INFO: [ app_end ] --START--
INFO: Run Behavior\ShowPageTraceBehavior [ RunTime:0.000939s ]
INFO: [ app_end ] --END-- [ RunTime:0.001006s ]

[ 2015-04-25T20:10:21+08:00 ] ::1 /think/zsjh/index.php/Home/Index/
INFO: [ app_init ] --START--
INFO: Run Behavior\BuildLiteBehavior [ RunTime:0.000009s ]
INFO: [ app_init ] --END-- [ RunTime:0.000184s ]
INFO: [ app_begin ] --START--
INFO: Run Behavior\ReadHtmlCacheBehavior [ RunTime:0.000311s ]
INFO: [ app_begin ] --END-- [ RunTime:0.000344s ]
INFO: [ view_parse ] --START--
INFO: [ template_filter ] --START--
INFO: Run Behavior\ContentReplaceBehavior [ RunTime:0.000033s ]
INFO: [ template_filter ] --END-- [ RunTime:0.000066s ]
INFO: Run Behavior\ParseTemplateBehavior [ RunTime:0.003636s ]
INFO: [ view_parse ] --END-- [ RunTime:0.003665s ]
INFO: [ view_filter ] --START--
INFO: Run Behavior\WriteHtmlCacheBehavior [ RunTime:0.000098s ]
INFO: [ view_filter ] --END-- [ RunTime:0.000120s ]
INFO: [ app_end ] --START--
INFO: Run Behavior\ShowPageTraceBehavior [ RunTime:0.000268s ]
INFO: [ app_end ] --END-- [ RunTime:0.000293s ]

[ 2015-04-25T20:10:23+08:00 ] ::1 /think/zsjh/index.php/Home/Index/detail?province=%E5%86%85%E8%92%99
INFO: [ app_init ] --START--
INFO: Run Behavior\BuildLiteBehavior [ RunTime:0.000007s ]
INFO: [ app_init ] --END-- [ RunTime:0.000169s ]
INFO: [ app_begin ] --START--
INFO: Run Behavior\ReadHtmlCacheBehavior [ RunTime:0.000216s ]
INFO: [ app_begin ] --END-- [ RunTime:0.000241s ]
SQL: SHOW COLUMNS FROM `puke` [ RunTime:0.0018s ]
SQL: SELECT * FROM `puke` WHERE `province` = '内蒙'  [ RunTime:0.0009s ]
SQL: SHOW COLUMNS FROM `benshuo` [ RunTime:0.0020s ]
SQL: SELECT * FROM `benshuo` WHERE `province` = '内蒙'  [ RunTime:0.0002s ]
SQL: SHOW COLUMNS FROM `guofang` [ RunTime:0.0024s ]
SQL: SELECT * FROM `guofang` WHERE `province` = '内蒙'  [ RunTime:0.0003s ]
INFO: [ view_parse ] --START--
INFO: [ template_filter ] --START--
INFO: Run Behavior\ContentReplaceBehavior [ RunTime:0.000028s ]
INFO: [ template_filter ] --END-- [ RunTime:0.000059s ]
INFO: Run Behavior\ParseTemplateBehavior [ RunTime:0.010737s ]
INFO: [ view_parse ] --END-- [ RunTime:0.010782s ]
INFO: [ view_filter ] --START--
INFO: Run Behavior\WriteHtmlCacheBehavior [ RunTime:0.000112s ]
INFO: [ view_filter ] --END-- [ RunTime:0.000137s ]
INFO: [ app_end ] --START--
INFO: Run Behavior\ShowPageTraceBehavior [ RunTime:0.000274s ]
INFO: [ app_end ] --END-- [ RunTime:0.000300s ]

[ 2015-04-25T20:10:35+08:00 ] ::1 /think/zsjh/index.php/Home/Index/
INFO: [ app_init ] --START--
INFO: Run Behavior\BuildLiteBehavior [ RunTime:0.000008s ]
INFO: [ app_init ] --END-- [ RunTime:0.000168s ]
INFO: [ app_begin ] --START--
INFO: Run Behavior\ReadHtmlCacheBehavior [ RunTime:0.000212s ]
INFO: [ app_begin ] --END-- [ RunTime:0.000238s ]
INFO: [ view_parse ] --START--
INFO: [ template_filter ] --START--
INFO: Run Behavior\ContentReplaceBehavior [ RunTime:0.000041s ]
INFO: [ template_filter ] --END-- [ RunTime:0.000085s ]
INFO: Run Behavior\ParseTemplateBehavior [ RunTime:0.003502s ]
INFO: [ view_parse ] --END-- [ RunTime:0.003543s ]
INFO: [ view_filter ] --START--
INFO: Run Behavior\WriteHtmlCacheBehavior [ RunTime:0.000131s ]
INFO: [ view_filter ] --END-- [ RunTime:0.000162s ]
INFO: [ app_end ] --START--
INFO: Run Behavior\ShowPageTraceBehavior [ RunTime:0.000255s ]
INFO: [ app_end ] --END-- [ RunTime:0.000280s ]

[ 2015-04-25T20:10:39+08:00 ] ::1 /think/zsjh/index.php/Home/Index/detail?province=%E9%99%95%E8%A5%BF
INFO: [ app_init ] --START--
INFO: Run Behavior\BuildLiteBehavior [ RunTime:0.000008s ]
INFO: [ app_init ] --END-- [ RunTime:0.000168s ]
INFO: [ app_begin ] --START--
INFO: Run Behavior\ReadHtmlCacheBehavior [ RunTime:0.000222s ]
INFO: [ app_begin ] --END-- [ RunTime:0.000249s ]
SQL: SHOW COLUMNS FROM `puke` [ RunTime:0.0033s ]
SQL: SELECT * FROM `puke` WHERE `province` = '陕西'  [ RunTime:0.0009s ]
SQL: SHOW COLUMNS FROM `benshuo` [ RunTime:0.0020s ]
SQL: SELECT * FROM `benshuo` WHERE `province` = '陕西'  [ RunTime:0.0003s ]
SQL: SHOW COLUMNS FROM `guofang` [ RunTime:0.0019s ]
SQL: SELECT * FROM `guofang` WHERE `province` = '陕西'  [ RunTime:0.0004s ]
INFO: [ view_parse ] --START--
INFO: [ template_filter ] --START--
INFO: Run Behavior\ContentReplaceBehavior [ RunTime:0.000029s ]
INFO: [ template_filter ] --END-- [ RunTime:0.000063s ]
INFO: Run Behavior\ParseTemplateBehavior [ RunTime:0.011178s ]
INFO: [ view_parse ] --END-- [ RunTime:0.011224s ]
INFO: [ view_filter ] --START--
INFO: Run Behavior\WriteHtmlCacheBehavior [ RunTime:0.000111s ]
INFO: [ view_filter ] --END-- [ RunTime:0.000137s ]
INFO: [ app_end ] --START--
INFO: Run Behavior\ShowPageTraceBehavior [ RunTime:0.000408s ]
INFO: [ app_end ] --END-- [ RunTime:0.000447s ]

